2011-07-28 01:59:32,971 - Log4JLogChute initialized using file 'velocity.log'
2011-07-28 01:59:32,972 - Starting Apache Velocity v1.6.4 (compiled: 2010-04-27 15:31:23)
2011-07-28 01:59:32,972 - Default Properties File: org\apache\velocity\runtime\defaults\velocity.properties
2011-07-28 01:59:32,972 - Trying to use logger class org.apache.velocity.runtime.log.AvalonLogChute
2011-07-28 01:59:32,972 - Target log system for org.apache.velocity.runtime.log.AvalonLogChute is not available (java.lang.NoClassDefFoundError: org/apache/log/format/Formatter).  Falling back to next log system...
2011-07-28 01:59:32,972 - Trying to use logger class org.apache.velocity.runtime.log.Log4JLogChute
2011-07-28 01:59:32,972 - Using logger class org.apache.velocity.runtime.log.Log4JLogChute
2011-07-28 01:59:32,974 - ResourceManager : No configuration information found for resource loader named 'class' (id is class.resource.loader). Skipping it...
2011-07-28 01:59:32,974 - ResourceManager : No configuration information found for resource loader named 'jar' (id is jar.resource.loader). Skipping it...
2011-07-28 01:59:32,976 - ResourceLoader instantiated: org.apache.velocity.runtime.resource.loader.FileResourceLoader
2011-07-28 01:59:32,976 - Do unicode file recognition:  false
2011-07-28 01:59:32,976 - FileResourceLoader : adding path '.'
2011-07-28 01:59:32,977 - ResourceLoader instantiated: fr.opensagres.xdocreport.template.velocity.cache.XDocReportEntryResourceLoader
2011-07-28 01:59:32,987 - ResourceCache: initialized (class org.apache.velocity.runtime.resource.ResourceCacheImpl) with class java.util.Collections$SynchronizedMap cache map.
2011-07-28 01:59:32,989 - Loaded System Directive: org.apache.velocity.runtime.directive.Define
2011-07-28 01:59:32,989 - Loaded System Directive: org.apache.velocity.runtime.directive.Break
2011-07-28 01:59:32,990 - Loaded System Directive: org.apache.velocity.runtime.directive.Evaluate
2011-07-28 01:59:32,990 - Loaded System Directive: org.apache.velocity.runtime.directive.Literal
2011-07-28 01:59:32,991 - Loaded System Directive: org.apache.velocity.runtime.directive.Macro
2011-07-28 01:59:32,992 - Loaded System Directive: org.apache.velocity.runtime.directive.Parse
2011-07-28 01:59:32,993 - Loaded System Directive: org.apache.velocity.runtime.directive.Include
2011-07-28 01:59:32,994 - Loaded System Directive: org.apache.velocity.runtime.directive.Foreach
2011-07-28 01:59:33,009 - Velocity was not initialized! Calling init()...
2011-07-28 01:59:33,030 - Velocity was not initialized! Calling init()...
2011-07-28 01:59:33,030 - Velocity was not initialized! Calling init()...
2011-07-28 01:59:33,030 - Velocity was not initialized! Calling init()...
2011-07-28 01:59:33,030 - Velocity was not initialized! Calling init()...
2011-07-28 01:59:33,030 - Velocity was not initialized! Calling init()...
2011-07-28 01:59:33,030 - Velocity was not initialized! Calling init()...
2011-07-28 01:59:33,030 - Velocity was not initialized! Calling init()...
2011-07-28 01:59:33,031 - Velocity was not initialized! Calling init()...
2011-07-28 01:59:33,031 - Velocity was not initialized! Calling init()...
2011-07-28 01:59:33,031 - Velocity was not initialized! Calling init()...
2011-07-28 01:59:33,031 - Velocity was not initialized! Calling init()...
2011-07-28 01:59:33,031 - Velocity was not initialized! Calling init()...
2011-07-28 01:59:33,031 - Velocity was not initialized! Calling init()...
2011-07-28 01:59:33,031 - Velocity was not initialized! Calling init()...
2011-07-28 01:59:33,031 - Velocity was not initialized! Calling init()...
2011-07-28 01:59:33,032 - Velocity was not initialized! Calling init()...
2011-07-28 01:59:33,032 - Velocity was not initialized! Calling init()...
2011-07-28 01:59:33,032 - Velocity was not initialized! Calling init()...
2011-07-28 01:59:33,032 - Velocity was not initialized! Calling init()...
2011-07-28 01:59:33,032 - Created '20' parsers.
2011-07-28 01:59:33,040 - Velocimacro : "velocimacro.library" is not set.  Trying default library: VM_global_library.vm
2011-07-28 01:59:33,040 - Velocity was not initialized! Calling init()...
2011-07-28 01:59:33,040 - Velocimacro : Default library not found.
2011-07-28 01:59:33,040 - Velocimacro : allowInline = true : VMs can be defined inline in templates
2011-07-28 01:59:33,040 - Velocimacro : allowInlineToOverride = false : VMs defined inline may NOT replace previous VM definitions
2011-07-28 01:59:33,040 - Velocimacro : allowInlineLocal = false : VMs defined inline will be global in scope if allowed.
2011-07-28 01:59:33,041 - Velocimacro : autoload off : VM system will not automatically reload global library macros
2011-07-28 01:59:33,058 - ResourceManager : found fr.opensagres.xdocreport.document.docx.DocXReport@26d510e8!word/document.xml with loader fr.opensagres.xdocreport.template.velocity.cache.XDocReportEntryResourceLoader
2011-07-28 01:59:33,059 - Exception calling reference $project at fr.opensagres.xdocreport.document.docx.DocXReport@26d510e8!word/document.xml[line 1, column 1389]
2011-07-28 02:17:01,535 - Log4JLogChute initialized using file 'velocity.log'
2011-07-28 02:17:01,536 - Starting Apache Velocity v1.6.4 (compiled: 2010-04-27 15:31:23)
2011-07-28 02:17:01,536 - Default Properties File: org\apache\velocity\runtime\defaults\velocity.properties
2011-07-28 02:17:01,536 - Trying to use logger class org.apache.velocity.runtime.log.AvalonLogChute
2011-07-28 02:17:01,536 - Target log system for org.apache.velocity.runtime.log.AvalonLogChute is not available (java.lang.NoClassDefFoundError: org/apache/log/format/Formatter).  Falling back to next log system...
2011-07-28 02:17:01,536 - Trying to use logger class org.apache.velocity.runtime.log.Log4JLogChute
2011-07-28 02:17:01,536 - Using logger class org.apache.velocity.runtime.log.Log4JLogChute
2011-07-28 02:17:01,538 - ResourceManager : No configuration information found for resource loader named 'class' (id is class.resource.loader). Skipping it...
2011-07-28 02:17:01,538 - ResourceManager : No configuration information found for resource loader named 'jar' (id is jar.resource.loader). Skipping it...
2011-07-28 02:17:01,540 - ResourceLoader instantiated: org.apache.velocity.runtime.resource.loader.FileResourceLoader
2011-07-28 02:17:01,541 - Do unicode file recognition:  false
2011-07-28 02:17:01,541 - FileResourceLoader : adding path '.'
2011-07-28 02:17:01,541 - ResourceLoader instantiated: fr.opensagres.xdocreport.template.velocity.cache.XDocReportEntryResourceLoader
2011-07-28 02:17:01,551 - ResourceCache: initialized (class org.apache.velocity.runtime.resource.ResourceCacheImpl) with class java.util.Collections$SynchronizedMap cache map.
2011-07-28 02:17:01,553 - Loaded System Directive: org.apache.velocity.runtime.directive.Define
2011-07-28 02:17:01,553 - Loaded System Directive: org.apache.velocity.runtime.directive.Break
2011-07-28 02:17:01,554 - Loaded System Directive: org.apache.velocity.runtime.directive.Evaluate
2011-07-28 02:17:01,554 - Loaded System Directive: org.apache.velocity.runtime.directive.Literal
2011-07-28 02:17:01,555 - Loaded System Directive: org.apache.velocity.runtime.directive.Macro
2011-07-28 02:17:01,556 - Loaded System Directive: org.apache.velocity.runtime.directive.Parse
2011-07-28 02:17:01,557 - Loaded System Directive: org.apache.velocity.runtime.directive.Include
2011-07-28 02:17:01,558 - Loaded System Directive: org.apache.velocity.runtime.directive.Foreach
2011-07-28 02:17:01,572 - Velocity was not initialized! Calling init()...
2011-07-28 02:17:01,590 - Velocity was not initialized! Calling init()...
2011-07-28 02:17:01,591 - Velocity was not initialized! Calling init()...
2011-07-28 02:17:01,591 - Velocity was not initialized! Calling init()...
2011-07-28 02:17:01,591 - Velocity was not initialized! Calling init()...
2011-07-28 02:17:01,591 - Velocity was not initialized! Calling init()...
2011-07-28 02:17:01,591 - Velocity was not initialized! Calling init()...
2011-07-28 02:17:01,591 - Velocity was not initialized! Calling init()...
2011-07-28 02:17:01,591 - Velocity was not initialized! Calling init()...
2011-07-28 02:17:01,591 - Velocity was not initialized! Calling init()...
2011-07-28 02:17:01,591 - Velocity was not initialized! Calling init()...
2011-07-28 02:17:01,592 - Velocity was not initialized! Calling init()...
2011-07-28 02:17:01,592 - Velocity was not initialized! Calling init()...
2011-07-28 02:17:01,592 - Velocity was not initialized! Calling init()...
2011-07-28 02:17:01,592 - Velocity was not initialized! Calling init()...
2011-07-28 02:17:01,592 - Velocity was not initialized! Calling init()...
2011-07-28 02:17:01,592 - Velocity was not initialized! Calling init()...
2011-07-28 02:17:01,592 - Velocity was not initialized! Calling init()...
2011-07-28 02:17:01,592 - Velocity was not initialized! Calling init()...
2011-07-28 02:17:01,592 - Velocity was not initialized! Calling init()...
2011-07-28 02:17:01,593 - Created '20' parsers.
2011-07-28 02:17:01,598 - Velocimacro : "velocimacro.library" is not set.  Trying default library: VM_global_library.vm
2011-07-28 02:17:01,598 - Velocity was not initialized! Calling init()...
2011-07-28 02:17:01,598 - Velocimacro : Default library not found.
2011-07-28 02:17:01,598 - Velocimacro : allowInline = true : VMs can be defined inline in templates
2011-07-28 02:17:01,598 - Velocimacro : allowInlineToOverride = false : VMs defined inline may NOT replace previous VM definitions
2011-07-28 02:17:01,598 - Velocimacro : allowInlineLocal = false : VMs defined inline will be global in scope if allowed.
2011-07-28 02:17:01,598 - Velocimacro : autoload off : VM system will not automatically reload global library macros
2011-07-28 02:17:01,610 - ResourceManager : found fr.opensagres.xdocreport.document.docx.DocXReport@60407166!word/document.xml with loader fr.opensagres.xdocreport.template.velocity.cache.XDocReportEntryResourceLoader
2011-07-28 02:17:01,610 - Exception calling reference $project at fr.opensagres.xdocreport.document.docx.DocXReport@60407166!word/document.xml[line 1, column 1389]
2011-07-28 02:17:37,665 - Log4JLogChute initialized using file 'velocity.log'
2011-07-28 02:17:37,666 - Starting Apache Velocity v1.6.4 (compiled: 2010-04-27 15:31:23)
2011-07-28 02:17:37,666 - Default Properties File: org\apache\velocity\runtime\defaults\velocity.properties
2011-07-28 02:17:37,666 - Trying to use logger class org.apache.velocity.runtime.log.AvalonLogChute
2011-07-28 02:17:37,666 - Target log system for org.apache.velocity.runtime.log.AvalonLogChute is not available (java.lang.NoClassDefFoundError: org/apache/log/format/Formatter).  Falling back to next log system...
2011-07-28 02:17:37,666 - Trying to use logger class org.apache.velocity.runtime.log.Log4JLogChute
2011-07-28 02:17:37,666 - Using logger class org.apache.velocity.runtime.log.Log4JLogChute
2011-07-28 02:17:37,667 - ResourceManager : No configuration information found for resource loader named 'class' (id is class.resource.loader). Skipping it...
2011-07-28 02:17:37,667 - ResourceManager : No configuration information found for resource loader named 'jar' (id is jar.resource.loader). Skipping it...
2011-07-28 02:17:37,672 - ResourceLoader instantiated: org.apache.velocity.runtime.resource.loader.FileResourceLoader
2011-07-28 02:17:37,673 - Do unicode file recognition:  false
2011-07-28 02:17:37,673 - FileResourceLoader : adding path '.'
2011-07-28 02:17:37,673 - ResourceLoader instantiated: fr.opensagres.xdocreport.template.velocity.cache.XDocReportEntryResourceLoader
2011-07-28 02:17:37,683 - ResourceCache: initialized (class org.apache.velocity.runtime.resource.ResourceCacheImpl) with class java.util.Collections$SynchronizedMap cache map.
2011-07-28 02:17:37,684 - Loaded System Directive: org.apache.velocity.runtime.directive.Define
2011-07-28 02:17:37,685 - Loaded System Directive: org.apache.velocity.runtime.directive.Break
2011-07-28 02:17:37,685 - Loaded System Directive: org.apache.velocity.runtime.directive.Evaluate
2011-07-28 02:17:37,686 - Loaded System Directive: org.apache.velocity.runtime.directive.Literal
2011-07-28 02:17:37,687 - Loaded System Directive: org.apache.velocity.runtime.directive.Macro
2011-07-28 02:17:37,688 - Loaded System Directive: org.apache.velocity.runtime.directive.Parse
2011-07-28 02:17:37,689 - Loaded System Directive: org.apache.velocity.runtime.directive.Include
2011-07-28 02:17:37,690 - Loaded System Directive: org.apache.velocity.runtime.directive.Foreach
2011-07-28 02:17:37,704 - Velocity was not initialized! Calling init()...
2011-07-28 02:17:37,722 - Velocity was not initialized! Calling init()...
2011-07-28 02:17:37,722 - Velocity was not initialized! Calling init()...
2011-07-28 02:17:37,722 - Velocity was not initialized! Calling init()...
2011-07-28 02:17:37,722 - Velocity was not initialized! Calling init()...
2011-07-28 02:17:37,722 - Velocity was not initialized! Calling init()...
2011-07-28 02:17:37,722 - Velocity was not initialized! Calling init()...
2011-07-28 02:17:37,722 - Velocity was not initialized! Calling init()...
2011-07-28 02:17:37,722 - Velocity was not initialized! Calling init()...
2011-07-28 02:17:37,723 - Velocity was not initialized! Calling init()...
2011-07-28 02:17:37,723 - Velocity was not initialized! Calling init()...
2011-07-28 02:17:37,723 - Velocity was not initialized! Calling init()...
2011-07-28 02:17:37,723 - Velocity was not initialized! Calling init()...
2011-07-28 02:17:37,723 - Velocity was not initialized! Calling init()...
2011-07-28 02:17:37,723 - Velocity was not initialized! Calling init()...
2011-07-28 02:17:37,723 - Velocity was not initialized! Calling init()...
2011-07-28 02:17:37,723 - Velocity was not initialized! Calling init()...
2011-07-28 02:17:37,723 - Velocity was not initialized! Calling init()...
2011-07-28 02:17:37,723 - Velocity was not initialized! Calling init()...
2011-07-28 02:17:37,724 - Velocity was not initialized! Calling init()...
2011-07-28 02:17:37,724 - Created '20' parsers.
2011-07-28 02:17:37,729 - Velocimacro : "velocimacro.library" is not set.  Trying default library: VM_global_library.vm
2011-07-28 02:17:37,729 - Velocity was not initialized! Calling init()...
2011-07-28 02:17:37,729 - Velocimacro : Default library not found.
2011-07-28 02:17:37,729 - Velocimacro : allowInline = true : VMs can be defined inline in templates
2011-07-28 02:17:37,729 - Velocimacro : allowInlineToOverride = false : VMs defined inline may NOT replace previous VM definitions
2011-07-28 02:17:37,729 - Velocimacro : allowInlineLocal = false : VMs defined inline will be global in scope if allowed.
2011-07-28 02:17:37,730 - Velocimacro : autoload off : VM system will not automatically reload global library macros
2011-07-28 02:17:37,741 - ResourceManager : found fr.opensagres.xdocreport.document.docx.DocXReport@3de4905a!word/document.xml with loader fr.opensagres.xdocreport.template.velocity.cache.XDocReportEntryResourceLoader
2011-07-28 02:17:37,761 - ResourceManager : found fr.opensagres.xdocreport.document.docx.DocXReport@3de4905a!word/styles.xml with loader fr.opensagres.xdocreport.template.velocity.cache.XDocReportEntryResourceLoader
2011-07-28 02:20:58,260 - Log4JLogChute initialized using file 'velocity.log'
2011-07-28 02:20:58,261 - Starting Apache Velocity v1.6.4 (compiled: 2010-04-27 15:31:23)
2011-07-28 02:20:58,261 - Default Properties File: org\apache\velocity\runtime\defaults\velocity.properties
2011-07-28 02:20:58,261 - Trying to use logger class org.apache.velocity.runtime.log.AvalonLogChute
2011-07-28 02:20:58,261 - Target log system for org.apache.velocity.runtime.log.AvalonLogChute is not available (java.lang.NoClassDefFoundError: org/apache/log/format/Formatter).  Falling back to next log system...
2011-07-28 02:20:58,261 - Trying to use logger class org.apache.velocity.runtime.log.Log4JLogChute
2011-07-28 02:20:58,261 - Using logger class org.apache.velocity.runtime.log.Log4JLogChute
2011-07-28 02:20:58,264 - ResourceManager : No configuration information found for resource loader named 'class' (id is class.resource.loader). Skipping it...
2011-07-28 02:20:58,264 - ResourceManager : No configuration information found for resource loader named 'jar' (id is jar.resource.loader). Skipping it...
2011-07-28 02:20:58,266 - ResourceLoader instantiated: org.apache.velocity.runtime.resource.loader.FileResourceLoader
2011-07-28 02:20:58,268 - Do unicode file recognition:  false
2011-07-28 02:20:58,268 - FileResourceLoader : adding path '.'
2011-07-28 02:20:58,268 - ResourceLoader instantiated: fr.opensagres.xdocreport.template.velocity.cache.XDocReportEntryResourceLoader
2011-07-28 02:20:58,284 - ResourceCache: initialized (class org.apache.velocity.runtime.resource.ResourceCacheImpl) with class java.util.Collections$SynchronizedMap cache map.
2011-07-28 02:20:58,286 - Loaded System Directive: org.apache.velocity.runtime.directive.Define
2011-07-28 02:20:58,287 - Loaded System Directive: org.apache.velocity.runtime.directive.Break
2011-07-28 02:20:58,288 - Loaded System Directive: org.apache.velocity.runtime.directive.Evaluate
2011-07-28 02:20:58,288 - Loaded System Directive: org.apache.velocity.runtime.directive.Literal
2011-07-28 02:20:58,289 - Loaded System Directive: org.apache.velocity.runtime.directive.Macro
2011-07-28 02:20:58,290 - Loaded System Directive: org.apache.velocity.runtime.directive.Parse
2011-07-28 02:20:58,291 - Loaded System Directive: org.apache.velocity.runtime.directive.Include
2011-07-28 02:20:58,292 - Loaded System Directive: org.apache.velocity.runtime.directive.Foreach
2011-07-28 02:20:58,306 - Velocity was not initialized! Calling init()...
2011-07-28 02:20:58,324 - Velocity was not initialized! Calling init()...
2011-07-28 02:20:58,324 - Velocity was not initialized! Calling init()...
2011-07-28 02:20:58,324 - Velocity was not initialized! Calling init()...
2011-07-28 02:20:58,324 - Velocity was not initialized! Calling init()...
2011-07-28 02:20:58,325 - Velocity was not initialized! Calling init()...
2011-07-28 02:20:58,325 - Velocity was not initialized! Calling init()...
2011-07-28 02:20:58,325 - Velocity was not initialized! Calling init()...
2011-07-28 02:20:58,325 - Velocity was not initialized! Calling init()...
2011-07-28 02:20:58,325 - Velocity was not initialized! Calling init()...
2011-07-28 02:20:58,325 - Velocity was not initialized! Calling init()...
2011-07-28 02:20:58,325 - Velocity was not initialized! Calling init()...
2011-07-28 02:20:58,325 - Velocity was not initialized! Calling init()...
2011-07-28 02:20:58,325 - Velocity was not initialized! Calling init()...
2011-07-28 02:20:58,326 - Velocity was not initialized! Calling init()...
2011-07-28 02:20:58,326 - Velocity was not initialized! Calling init()...
2011-07-28 02:20:58,326 - Velocity was not initialized! Calling init()...
2011-07-28 02:20:58,326 - Velocity was not initialized! Calling init()...
2011-07-28 02:20:58,326 - Velocity was not initialized! Calling init()...
2011-07-28 02:20:58,326 - Velocity was not initialized! Calling init()...
2011-07-28 02:20:58,326 - Created '20' parsers.
2011-07-28 02:20:58,332 - Velocimacro : "velocimacro.library" is not set.  Trying default library: VM_global_library.vm
2011-07-28 02:20:58,332 - Velocity was not initialized! Calling init()...
2011-07-28 02:20:58,332 - Velocimacro : Default library not found.
2011-07-28 02:20:58,332 - Velocimacro : allowInline = true : VMs can be defined inline in templates
2011-07-28 02:20:58,332 - Velocimacro : allowInlineToOverride = false : VMs defined inline may NOT replace previous VM definitions
2011-07-28 02:20:58,333 - Velocimacro : allowInlineLocal = false : VMs defined inline will be global in scope if allowed.
2011-07-28 02:20:58,333 - Velocimacro : autoload off : VM system will not automatically reload global library macros
2011-07-28 02:20:58,344 - ResourceManager : found fr.opensagres.xdocreport.document.docx.DocXReport@68c12474!word/document.xml with loader fr.opensagres.xdocreport.template.velocity.cache.XDocReportEntryResourceLoader
2011-07-28 02:20:58,363 - ResourceManager : found fr.opensagres.xdocreport.document.docx.DocXReport@68c12474!word/styles.xml with loader fr.opensagres.xdocreport.template.velocity.cache.XDocReportEntryResourceLoader
2011-07-28 02:21:12,592 - Log4JLogChute initialized using file 'velocity.log'
2011-07-28 02:21:12,592 - Starting Apache Velocity v1.6.4 (compiled: 2010-04-27 15:31:23)
2011-07-28 02:21:12,592 - Default Properties File: org\apache\velocity\runtime\defaults\velocity.properties
2011-07-28 02:21:12,592 - Trying to use logger class org.apache.velocity.runtime.log.AvalonLogChute
2011-07-28 02:21:12,592 - Target log system for org.apache.velocity.runtime.log.AvalonLogChute is not available (java.lang.NoClassDefFoundError: org/apache/log/format/Formatter).  Falling back to next log system...
2011-07-28 02:21:12,592 - Trying to use logger class org.apache.velocity.runtime.log.Log4JLogChute
2011-07-28 02:21:12,592 - Using logger class org.apache.velocity.runtime.log.Log4JLogChute
2011-07-28 02:21:12,594 - ResourceManager : No configuration information found for resource loader named 'class' (id is class.resource.loader). Skipping it...
2011-07-28 02:21:12,594 - ResourceManager : No configuration information found for resource loader named 'jar' (id is jar.resource.loader). Skipping it...
2011-07-28 02:21:12,596 - ResourceLoader instantiated: org.apache.velocity.runtime.resource.loader.FileResourceLoader
2011-07-28 02:21:12,597 - Do unicode file recognition:  false
2011-07-28 02:21:12,598 - FileResourceLoader : adding path '.'
2011-07-28 02:21:12,598 - ResourceLoader instantiated: fr.opensagres.xdocreport.template.velocity.cache.XDocReportEntryResourceLoader
2011-07-28 02:21:12,609 - ResourceCache: initialized (class org.apache.velocity.runtime.resource.ResourceCacheImpl) with class java.util.Collections$SynchronizedMap cache map.
2011-07-28 02:21:12,610 - Loaded System Directive: org.apache.velocity.runtime.directive.Define
2011-07-28 02:21:12,611 - Loaded System Directive: org.apache.velocity.runtime.directive.Break
2011-07-28 02:21:12,612 - Loaded System Directive: org.apache.velocity.runtime.directive.Evaluate
2011-07-28 02:21:12,612 - Loaded System Directive: org.apache.velocity.runtime.directive.Literal
2011-07-28 02:21:12,613 - Loaded System Directive: org.apache.velocity.runtime.directive.Macro
2011-07-28 02:21:12,614 - Loaded System Directive: org.apache.velocity.runtime.directive.Parse
2011-07-28 02:21:12,615 - Loaded System Directive: org.apache.velocity.runtime.directive.Include
2011-07-28 02:21:12,616 - Loaded System Directive: org.apache.velocity.runtime.directive.Foreach
2011-07-28 02:21:12,629 - Velocity was not initialized! Calling init()...
2011-07-28 02:21:12,648 - Velocity was not initialized! Calling init()...
2011-07-28 02:21:12,648 - Velocity was not initialized! Calling init()...
2011-07-28 02:21:12,648 - Velocity was not initialized! Calling init()...
2011-07-28 02:21:12,648 - Velocity was not initialized! Calling init()...
2011-07-28 02:21:12,648 - Velocity was not initialized! Calling init()...
2011-07-28 02:21:12,648 - Velocity was not initialized! Calling init()...
2011-07-28 02:21:12,648 - Velocity was not initialized! Calling init()...
2011-07-28 02:21:12,648 - Velocity was not initialized! Calling init()...
2011-07-28 02:21:12,649 - Velocity was not initialized! Calling init()...
2011-07-28 02:21:12,649 - Velocity was not initialized! Calling init()...
2011-07-28 02:21:12,649 - Velocity was not initialized! Calling init()...
2011-07-28 02:21:12,649 - Velocity was not initialized! Calling init()...
2011-07-28 02:21:12,649 - Velocity was not initialized! Calling init()...
2011-07-28 02:21:12,649 - Velocity was not initialized! Calling init()...
2011-07-28 02:21:12,649 - Velocity was not initialized! Calling init()...
2011-07-28 02:21:12,649 - Velocity was not initialized! Calling init()...
2011-07-28 02:21:12,649 - Velocity was not initialized! Calling init()...
2011-07-28 02:21:12,649 - Velocity was not initialized! Calling init()...
2011-07-28 02:21:12,650 - Velocity was not initialized! Calling init()...
2011-07-28 02:21:12,650 - Created '20' parsers.
2011-07-28 02:21:12,655 - Velocimacro : "velocimacro.library" is not set.  Trying default library: VM_global_library.vm
2011-07-28 02:21:12,655 - Velocity was not initialized! Calling init()...
2011-07-28 02:21:12,655 - Velocimacro : Default library not found.
2011-07-28 02:21:12,655 - Velocimacro : allowInline = true : VMs can be defined inline in templates
2011-07-28 02:21:12,655 - Velocimacro : allowInlineToOverride = false : VMs defined inline may NOT replace previous VM definitions
2011-07-28 02:21:12,655 - Velocimacro : allowInlineLocal = false : VMs defined inline will be global in scope if allowed.
2011-07-28 02:21:12,655 - Velocimacro : autoload off : VM system will not automatically reload global library macros
2011-07-28 02:21:12,667 - ResourceManager : found fr.opensagres.xdocreport.document.docx.DocXReport@4858cca9!word/document.xml with loader fr.opensagres.xdocreport.template.velocity.cache.XDocReportEntryResourceLoader
2011-07-28 02:21:12,686 - ResourceManager : found fr.opensagres.xdocreport.document.docx.DocXReport@4858cca9!word/styles.xml with loader fr.opensagres.xdocreport.template.velocity.cache.XDocReportEntryResourceLoader
2011-07-28 02:33:53,937 - Log4JLogChute initialized using file 'velocity.log'
2011-07-28 02:33:53,938 - Starting Apache Velocity v1.6.4 (compiled: 2010-04-27 15:31:23)
2011-07-28 02:33:53,938 - Default Properties File: org\apache\velocity\runtime\defaults\velocity.properties
2011-07-28 02:33:53,938 - Trying to use logger class org.apache.velocity.runtime.log.AvalonLogChute
2011-07-28 02:33:53,938 - Target log system for org.apache.velocity.runtime.log.AvalonLogChute is not available (java.lang.NoClassDefFoundError: org/apache/log/format/Formatter).  Falling back to next log system...
2011-07-28 02:33:53,938 - Trying to use logger class org.apache.velocity.runtime.log.Log4JLogChute
2011-07-28 02:33:53,938 - Using logger class org.apache.velocity.runtime.log.Log4JLogChute
2011-07-28 02:33:53,940 - ResourceManager : No configuration information found for resource loader named 'class' (id is class.resource.loader). Skipping it...
2011-07-28 02:33:53,940 - ResourceManager : No configuration information found for resource loader named 'jar' (id is jar.resource.loader). Skipping it...
2011-07-28 02:33:53,942 - ResourceLoader instantiated: org.apache.velocity.runtime.resource.loader.FileResourceLoader
2011-07-28 02:33:53,943 - Do unicode file recognition:  false
2011-07-28 02:33:53,943 - FileResourceLoader : adding path '.'
2011-07-28 02:33:53,943 - ResourceLoader instantiated: fr.opensagres.xdocreport.template.velocity.cache.XDocReportEntryResourceLoader
2011-07-28 02:33:53,953 - ResourceCache: initialized (class org.apache.velocity.runtime.resource.ResourceCacheImpl) with class java.util.Collections$SynchronizedMap cache map.
2011-07-28 02:33:53,954 - Loaded System Directive: org.apache.velocity.runtime.directive.Define
2011-07-28 02:33:53,955 - Loaded System Directive: org.apache.velocity.runtime.directive.Break
2011-07-28 02:33:53,956 - Loaded System Directive: org.apache.velocity.runtime.directive.Evaluate
2011-07-28 02:33:53,956 - Loaded System Directive: org.apache.velocity.runtime.directive.Literal
2011-07-28 02:33:53,957 - Loaded System Directive: org.apache.velocity.runtime.directive.Macro
2011-07-28 02:33:53,958 - Loaded System Directive: org.apache.velocity.runtime.directive.Parse
2011-07-28 02:33:53,960 - Loaded System Directive: org.apache.velocity.runtime.directive.Include
2011-07-28 02:33:53,960 - Loaded System Directive: org.apache.velocity.runtime.directive.Foreach
2011-07-28 02:33:53,974 - Velocity was not initialized! Calling init()...
2011-07-28 02:33:53,992 - Velocity was not initialized! Calling init()...
2011-07-28 02:33:53,993 - Velocity was not initialized! Calling init()...
2011-07-28 02:33:53,993 - Velocity was not initialized! Calling init()...
2011-07-28 02:33:53,993 - Velocity was not initialized! Calling init()...
2011-07-28 02:33:53,993 - Velocity was not initialized! Calling init()...
2011-07-28 02:33:53,993 - Velocity was not initialized! Calling init()...
2011-07-28 02:33:53,993 - Velocity was not initialized! Calling init()...
2011-07-28 02:33:53,993 - Velocity was not initialized! Calling init()...
2011-07-28 02:33:53,993 - Velocity was not initialized! Calling init()...
2011-07-28 02:33:53,994 - Velocity was not initialized! Calling init()...
2011-07-28 02:33:53,994 - Velocity was not initialized! Calling init()...
2011-07-28 02:33:53,994 - Velocity was not initialized! Calling init()...
2011-07-28 02:33:53,994 - Velocity was not initialized! Calling init()...
2011-07-28 02:33:53,994 - Velocity was not initialized! Calling init()...
2011-07-28 02:33:53,994 - Velocity was not initialized! Calling init()...
2011-07-28 02:33:53,994 - Velocity was not initialized! Calling init()...
2011-07-28 02:33:53,994 - Velocity was not initialized! Calling init()...
2011-07-28 02:33:53,994 - Velocity was not initialized! Calling init()...
2011-07-28 02:33:53,995 - Velocity was not initialized! Calling init()...
2011-07-28 02:33:53,995 - Created '20' parsers.
2011-07-28 02:33:54,000 - Velocimacro : "velocimacro.library" is not set.  Trying default library: VM_global_library.vm
2011-07-28 02:33:54,000 - Velocity was not initialized! Calling init()...
2011-07-28 02:33:54,001 - Velocimacro : Default library not found.
2011-07-28 02:33:54,001 - Velocimacro : allowInline = true : VMs can be defined inline in templates
2011-07-28 02:33:54,001 - Velocimacro : allowInlineToOverride = false : VMs defined inline may NOT replace previous VM definitions
2011-07-28 02:33:54,001 - Velocimacro : allowInlineLocal = false : VMs defined inline will be global in scope if allowed.
2011-07-28 02:33:54,001 - Velocimacro : autoload off : VM system will not automatically reload global library macros
2011-07-28 02:33:54,014 - ResourceManager : found fr.opensagres.xdocreport.document.docx.DocXReport@68c12474!word/document.xml with loader fr.opensagres.xdocreport.template.velocity.cache.XDocReportEntryResourceLoader
2011-07-28 02:33:54,040 - ResourceManager : found fr.opensagres.xdocreport.document.docx.DocXReport@68c12474!word/styles.xml with loader fr.opensagres.xdocreport.template.velocity.cache.XDocReportEntryResourceLoader
2011-07-28 02:36:57,751 - Log4JLogChute initialized using file 'velocity.log'
2011-07-28 02:36:57,751 - Starting Apache Velocity v1.6.4 (compiled: 2010-04-27 15:31:23)
2011-07-28 02:36:57,751 - Default Properties File: org\apache\velocity\runtime\defaults\velocity.properties
2011-07-28 02:36:57,751 - Trying to use logger class org.apache.velocity.runtime.log.AvalonLogChute
2011-07-28 02:36:57,752 - Target log system for org.apache.velocity.runtime.log.AvalonLogChute is not available (java.lang.NoClassDefFoundError: org/apache/log/format/Formatter).  Falling back to next log system...
2011-07-28 02:36:57,752 - Trying to use logger class org.apache.velocity.runtime.log.Log4JLogChute
2011-07-28 02:36:57,752 - Using logger class org.apache.velocity.runtime.log.Log4JLogChute
2011-07-28 02:36:57,753 - ResourceManager : No configuration information found for resource loader named 'class' (id is class.resource.loader). Skipping it...
2011-07-28 02:36:57,753 - ResourceManager : No configuration information found for resource loader named 'jar' (id is jar.resource.loader). Skipping it...
2011-07-28 02:36:57,756 - ResourceLoader instantiated: org.apache.velocity.runtime.resource.loader.FileResourceLoader
2011-07-28 02:36:57,757 - Do unicode file recognition:  false
2011-07-28 02:36:57,757 - FileResourceLoader : adding path '.'
2011-07-28 02:36:57,757 - ResourceLoader instantiated: fr.opensagres.xdocreport.template.velocity.cache.XDocReportEntryResourceLoader
2011-07-28 02:36:57,766 - ResourceCache: initialized (class org.apache.velocity.runtime.resource.ResourceCacheImpl) with class java.util.Collections$SynchronizedMap cache map.
2011-07-28 02:36:57,768 - Loaded System Directive: org.apache.velocity.runtime.directive.Define
2011-07-28 02:36:57,769 - Loaded System Directive: org.apache.velocity.runtime.directive.Break
2011-07-28 02:36:57,769 - Loaded System Directive: org.apache.velocity.runtime.directive.Evaluate
2011-07-28 02:36:57,770 - Loaded System Directive: org.apache.velocity.runtime.directive.Literal
2011-07-28 02:36:57,771 - Loaded System Directive: org.apache.velocity.runtime.directive.Macro
2011-07-28 02:36:57,772 - Loaded System Directive: org.apache.velocity.runtime.directive.Parse
2011-07-28 02:36:57,773 - Loaded System Directive: org.apache.velocity.runtime.directive.Include
2011-07-28 02:36:57,774 - Loaded System Directive: org.apache.velocity.runtime.directive.Foreach
2011-07-28 02:36:57,788 - Velocity was not initialized! Calling init()...
2011-07-28 02:36:57,806 - Velocity was not initialized! Calling init()...
2011-07-28 02:36:57,806 - Velocity was not initialized! Calling init()...
2011-07-28 02:36:57,806 - Velocity was not initialized! Calling init()...
2011-07-28 02:36:57,806 - Velocity was not initialized! Calling init()...
2011-07-28 02:36:57,807 - Velocity was not initialized! Calling init()...
2011-07-28 02:36:57,807 - Velocity was not initialized! Calling init()...
2011-07-28 02:36:57,807 - Velocity was not initialized! Calling init()...
2011-07-28 02:36:57,807 - Velocity was not initialized! Calling init()...
2011-07-28 02:36:57,807 - Velocity was not initialized! Calling init()...
2011-07-28 02:36:57,807 - Velocity was not initialized! Calling init()...
2011-07-28 02:36:57,807 - Velocity was not initialized! Calling init()...
2011-07-28 02:36:57,807 - Velocity was not initialized! Calling init()...
2011-07-28 02:36:57,807 - Velocity was not initialized! Calling init()...
2011-07-28 02:36:57,808 - Velocity was not initialized! Calling init()...
2011-07-28 02:36:57,808 - Velocity was not initialized! Calling init()...
2011-07-28 02:36:57,808 - Velocity was not initialized! Calling init()...
2011-07-28 02:36:57,808 - Velocity was not initialized! Calling init()...
2011-07-28 02:36:57,808 - Velocity was not initialized! Calling init()...
2011-07-28 02:36:57,808 - Velocity was not initialized! Calling init()...
2011-07-28 02:36:57,808 - Created '20' parsers.
2011-07-28 02:36:57,814 - Velocimacro : "velocimacro.library" is not set.  Trying default library: VM_global_library.vm
2011-07-28 02:36:57,814 - Velocity was not initialized! Calling init()...
2011-07-28 02:36:57,814 - Velocimacro : Default library not found.
2011-07-28 02:36:57,814 - Velocimacro : allowInline = true : VMs can be defined inline in templates
2011-07-28 02:36:57,814 - Velocimacro : allowInlineToOverride = false : VMs defined inline may NOT replace previous VM definitions
2011-07-28 02:36:57,814 - Velocimacro : allowInlineLocal = false : VMs defined inline will be global in scope if allowed.
2011-07-28 02:36:57,814 - Velocimacro : autoload off : VM system will not automatically reload global library macros
2011-07-28 02:36:57,826 - ResourceManager : found fr.opensagres.xdocreport.document.docx.DocXReport@71971eb3!word/document.xml with loader fr.opensagres.xdocreport.template.velocity.cache.XDocReportEntryResourceLoader
2011-07-28 02:36:57,845 - ResourceManager : found fr.opensagres.xdocreport.document.docx.DocXReport@71971eb3!word/styles.xml with loader fr.opensagres.xdocreport.template.velocity.cache.XDocReportEntryResourceLoader
2011-07-28 02:43:18,370 - Log4JLogChute initialized using file 'velocity.log'
2011-07-28 02:43:18,370 - Starting Apache Velocity v1.6.4 (compiled: 2010-04-27 15:31:23)
2011-07-28 02:43:18,370 - Default Properties File: org\apache\velocity\runtime\defaults\velocity.properties
2011-07-28 02:43:18,370 - Trying to use logger class org.apache.velocity.runtime.log.AvalonLogChute
2011-07-28 02:43:18,370 - Target log system for org.apache.velocity.runtime.log.AvalonLogChute is not available (java.lang.NoClassDefFoundError: org/apache/log/format/Formatter).  Falling back to next log system...
2011-07-28 02:43:18,370 - Trying to use logger class org.apache.velocity.runtime.log.Log4JLogChute
2011-07-28 02:43:18,371 - Using logger class org.apache.velocity.runtime.log.Log4JLogChute
2011-07-28 02:43:18,372 - ResourceManager : No configuration information found for resource loader named 'class' (id is class.resource.loader). Skipping it...
2011-07-28 02:43:18,372 - ResourceManager : No configuration information found for resource loader named 'jar' (id is jar.resource.loader). Skipping it...
2011-07-28 02:43:18,374 - ResourceLoader instantiated: org.apache.velocity.runtime.resource.loader.FileResourceLoader
2011-07-28 02:43:18,375 - Do unicode file recognition:  false
2011-07-28 02:43:18,375 - FileResourceLoader : adding path '.'
2011-07-28 02:43:18,376 - ResourceLoader instantiated: fr.opensagres.xdocreport.template.velocity.cache.XDocReportEntryResourceLoader
2011-07-28 02:43:18,387 - ResourceCache: initialized (class org.apache.velocity.runtime.resource.ResourceCacheImpl) with class java.util.Collections$SynchronizedMap cache map.
2011-07-28 02:43:18,389 - Loaded System Directive: org.apache.velocity.runtime.directive.Define
2011-07-28 02:43:18,389 - Loaded System Directive: org.apache.velocity.runtime.directive.Break
2011-07-28 02:43:18,390 - Loaded System Directive: org.apache.velocity.runtime.directive.Evaluate
2011-07-28 02:43:18,391 - Loaded System Directive: org.apache.velocity.runtime.directive.Literal
2011-07-28 02:43:18,391 - Loaded System Directive: org.apache.velocity.runtime.directive.Macro
2011-07-28 02:43:18,393 - Loaded System Directive: org.apache.velocity.runtime.directive.Parse
2011-07-28 02:43:18,394 - Loaded System Directive: org.apache.velocity.runtime.directive.Include
2011-07-28 02:43:18,394 - Loaded System Directive: org.apache.velocity.runtime.directive.Foreach
2011-07-28 02:43:18,416 - Velocity was not initialized! Calling init()...
2011-07-28 02:43:18,435 - Velocity was not initialized! Calling init()...
2011-07-28 02:43:18,435 - Velocity was not initialized! Calling init()...
2011-07-28 02:43:18,436 - Velocity was not initialized! Calling init()...
2011-07-28 02:43:18,436 - Velocity was not initialized! Calling init()...
2011-07-28 02:43:18,436 - Velocity was not initialized! Calling init()...
2011-07-28 02:43:18,436 - Velocity was not initialized! Calling init()...
2011-07-28 02:43:18,443 - Velocity was not initialized! Calling init()...
2011-07-28 02:43:18,443 - Velocity was not initialized! Calling init()...
2011-07-28 02:43:18,444 - Velocity was not initialized! Calling init()...
2011-07-28 02:43:18,444 - Velocity was not initialized! Calling init()...
2011-07-28 02:43:18,444 - Velocity was not initialized! Calling init()...
2011-07-28 02:43:18,444 - Velocity was not initialized! Calling init()...
2011-07-28 02:43:18,444 - Velocity was not initialized! Calling init()...
2011-07-28 02:43:18,444 - Velocity was not initialized! Calling init()...
2011-07-28 02:43:18,444 - Velocity was not initialized! Calling init()...
2011-07-28 02:43:18,444 - Velocity was not initialized! Calling init()...
2011-07-28 02:43:18,444 - Velocity was not initialized! Calling init()...
2011-07-28 02:43:18,445 - Velocity was not initialized! Calling init()...
2011-07-28 02:43:18,445 - Velocity was not initialized! Calling init()...
2011-07-28 02:43:18,445 - Created '20' parsers.
2011-07-28 02:43:18,450 - Velocimacro : "velocimacro.library" is not set.  Trying default library: VM_global_library.vm
2011-07-28 02:43:18,450 - Velocity was not initialized! Calling init()...
2011-07-28 02:43:18,450 - Velocimacro : Default library not found.
2011-07-28 02:43:18,450 - Velocimacro : allowInline = true : VMs can be defined inline in templates
2011-07-28 02:43:18,451 - Velocimacro : allowInlineToOverride = false : VMs defined inline may NOT replace previous VM definitions
2011-07-28 02:43:18,451 - Velocimacro : allowInlineLocal = false : VMs defined inline will be global in scope if allowed.
2011-07-28 02:43:18,451 - Velocimacro : autoload off : VM system will not automatically reload global library macros
2011-07-28 02:43:18,462 - ResourceManager : found fr.opensagres.xdocreport.document.docx.DocXReport@4858cca9!word/document.xml with loader fr.opensagres.xdocreport.template.velocity.cache.XDocReportEntryResourceLoader
2011-07-28 02:43:18,481 - ResourceManager : found fr.opensagres.xdocreport.document.docx.DocXReport@4858cca9!word/styles.xml with loader fr.opensagres.xdocreport.template.velocity.cache.XDocReportEntryResourceLoader
2011-07-28 02:45:23,746 - Log4JLogChute initialized using file 'velocity.log'
2011-07-28 02:45:23,746 - Starting Apache Velocity v1.6.4 (compiled: 2010-04-27 15:31:23)
2011-07-28 02:45:23,746 - Default Properties File: org\apache\velocity\runtime\defaults\velocity.properties
2011-07-28 02:45:23,746 - Trying to use logger class org.apache.velocity.runtime.log.AvalonLogChute
2011-07-28 02:45:23,746 - Target log system for org.apache.velocity.runtime.log.AvalonLogChute is not available (java.lang.NoClassDefFoundError: org/apache/log/format/Formatter).  Falling back to next log system...
2011-07-28 02:45:23,746 - Trying to use logger class org.apache.velocity.runtime.log.Log4JLogChute
2011-07-28 02:45:23,746 - Using logger class org.apache.velocity.runtime.log.Log4JLogChute
2011-07-28 02:45:23,748 - ResourceManager : No configuration information found for resource loader named 'class' (id is class.resource.loader). Skipping it...
2011-07-28 02:45:23,748 - ResourceManager : No configuration information found for resource loader named 'jar' (id is jar.resource.loader). Skipping it...
2011-07-28 02:45:23,750 - ResourceLoader instantiated: org.apache.velocity.runtime.resource.loader.FileResourceLoader
2011-07-28 02:45:23,751 - Do unicode file recognition:  false
2011-07-28 02:45:23,751 - FileResourceLoader : adding path '.'
2011-07-28 02:45:23,751 - ResourceLoader instantiated: fr.opensagres.xdocreport.template.velocity.cache.XDocReportEntryResourceLoader
2011-07-28 02:45:23,762 - ResourceCache: initialized (class org.apache.velocity.runtime.resource.ResourceCacheImpl) with class java.util.Collections$SynchronizedMap cache map.
2011-07-28 02:45:23,763 - Loaded System Directive: org.apache.velocity.runtime.directive.Define
2011-07-28 02:45:23,764 - Loaded System Directive: org.apache.velocity.runtime.directive.Break
2011-07-28 02:45:23,764 - Loaded System Directive: org.apache.velocity.runtime.directive.Evaluate
2011-07-28 02:45:23,765 - Loaded System Directive: org.apache.velocity.runtime.directive.Literal
2011-07-28 02:45:23,766 - Loaded System Directive: org.apache.velocity.runtime.directive.Macro
2011-07-28 02:45:23,768 - Loaded System Directive: org.apache.velocity.runtime.directive.Parse
2011-07-28 02:45:23,804 - Loaded System Directive: org.apache.velocity.runtime.directive.Include
2011-07-28 02:45:23,805 - Loaded System Directive: org.apache.velocity.runtime.directive.Foreach
2011-07-28 02:45:23,821 - Velocity was not initialized! Calling init()...
2011-07-28 02:45:23,840 - Velocity was not initialized! Calling init()...
2011-07-28 02:45:23,840 - Velocity was not initialized! Calling init()...
2011-07-28 02:45:23,840 - Velocity was not initialized! Calling init()...
2011-07-28 02:45:23,840 - Velocity was not initialized! Calling init()...
2011-07-28 02:45:23,840 - Velocity was not initialized! Calling init()...
2011-07-28 02:45:23,840 - Velocity was not initialized! Calling init()...
2011-07-28 02:45:23,841 - Velocity was not initialized! Calling init()...
2011-07-28 02:45:23,841 - Velocity was not initialized! Calling init()...
2011-07-28 02:45:23,841 - Velocity was not initialized! Calling init()...
2011-07-28 02:45:23,841 - Velocity was not initialized! Calling init()...
2011-07-28 02:45:23,841 - Velocity was not initialized! Calling init()...
2011-07-28 02:45:23,841 - Velocity was not initialized! Calling init()...
2011-07-28 02:45:23,841 - Velocity was not initialized! Calling init()...
2011-07-28 02:45:23,841 - Velocity was not initialized! Calling init()...
2011-07-28 02:45:23,841 - Velocity was not initialized! Calling init()...
2011-07-28 02:45:23,841 - Velocity was not initialized! Calling init()...
2011-07-28 02:45:23,842 - Velocity was not initialized! Calling init()...
2011-07-28 02:45:23,842 - Velocity was not initialized! Calling init()...
2011-07-28 02:45:23,842 - Velocity was not initialized! Calling init()...
2011-07-28 02:45:23,842 - Created '20' parsers.
2011-07-28 02:45:23,847 - Velocimacro : "velocimacro.library" is not set.  Trying default library: VM_global_library.vm
2011-07-28 02:45:23,847 - Velocity was not initialized! Calling init()...
2011-07-28 02:45:23,848 - Velocimacro : Default library not found.
2011-07-28 02:45:23,848 - Velocimacro : allowInline = true : VMs can be defined inline in templates
2011-07-28 02:45:23,848 - Velocimacro : allowInlineToOverride = false : VMs defined inline may NOT replace previous VM definitions
2011-07-28 02:45:23,848 - Velocimacro : allowInlineLocal = false : VMs defined inline will be global in scope if allowed.
2011-07-28 02:45:23,848 - Velocimacro : autoload off : VM system will not automatically reload global library macros
2011-07-28 02:45:23,862 - ResourceManager : found fr.opensagres.xdocreport.document.docx.DocXReport@7860b407!word/document.xml with loader fr.opensagres.xdocreport.template.velocity.cache.XDocReportEntryResourceLoader
2011-07-28 02:45:23,885 - ResourceManager : found fr.opensagres.xdocreport.document.docx.DocXReport@7860b407!word/styles.xml with loader fr.opensagres.xdocreport.template.velocity.cache.XDocReportEntryResourceLoader
2011-07-28 02:46:05,847 - Log4JLogChute initialized using file 'velocity.log'
2011-07-28 02:46:05,848 - Starting Apache Velocity v1.6.4 (compiled: 2010-04-27 15:31:23)
2011-07-28 02:46:05,848 - Default Properties File: org\apache\velocity\runtime\defaults\velocity.properties
2011-07-28 02:46:05,848 - Trying to use logger class org.apache.velocity.runtime.log.AvalonLogChute
2011-07-28 02:46:05,848 - Target log system for org.apache.velocity.runtime.log.AvalonLogChute is not available (java.lang.NoClassDefFoundError: org/apache/log/format/Formatter).  Falling back to next log system...
2011-07-28 02:46:05,848 - Trying to use logger class org.apache.velocity.runtime.log.Log4JLogChute
2011-07-28 02:46:05,848 - Using logger class org.apache.velocity.runtime.log.Log4JLogChute
2011-07-28 02:46:05,850 - ResourceManager : No configuration information found for resource loader named 'class' (id is class.resource.loader). Skipping it...
2011-07-28 02:46:05,850 - ResourceManager : No configuration information found for resource loader named 'jar' (id is jar.resource.loader). Skipping it...
2011-07-28 02:46:05,852 - ResourceLoader instantiated: org.apache.velocity.runtime.resource.loader.FileResourceLoader
2011-07-28 02:46:05,853 - Do unicode file recognition:  false
2011-07-28 02:46:05,853 - FileResourceLoader : adding path '.'
2011-07-28 02:46:05,853 - ResourceLoader instantiated: fr.opensagres.xdocreport.template.velocity.cache.XDocReportEntryResourceLoader
2011-07-28 02:46:05,863 - ResourceCache: initialized (class org.apache.velocity.runtime.resource.ResourceCacheImpl) with class java.util.Collections$SynchronizedMap cache map.
2011-07-28 02:46:05,864 - Loaded System Directive: org.apache.velocity.runtime.directive.Define
2011-07-28 02:46:05,865 - Loaded System Directive: org.apache.velocity.runtime.directive.Break
2011-07-28 02:46:05,866 - Loaded System Directive: org.apache.velocity.runtime.directive.Evaluate
2011-07-28 02:46:05,866 - Loaded System Directive: org.apache.velocity.runtime.directive.Literal
2011-07-28 02:46:05,867 - Loaded System Directive: org.apache.velocity.runtime.directive.Macro
2011-07-28 02:46:05,868 - Loaded System Directive: org.apache.velocity.runtime.directive.Parse
2011-07-28 02:46:05,869 - Loaded System Directive: org.apache.velocity.runtime.directive.Include
2011-07-28 02:46:05,870 - Loaded System Directive: org.apache.velocity.runtime.directive.Foreach
2011-07-28 02:46:05,884 - Velocity was not initialized! Calling init()...
2011-07-28 02:46:05,903 - Velocity was not initialized! Calling init()...
2011-07-28 02:46:05,903 - Velocity was not initialized! Calling init()...
2011-07-28 02:46:05,903 - Velocity was not initialized! Calling init()...
2011-07-28 02:46:05,903 - Velocity was not initialized! Calling init()...
2011-07-28 02:46:05,903 - Velocity was not initialized! Calling init()...
2011-07-28 02:46:05,904 - Velocity was not initialized! Calling init()...
2011-07-28 02:46:05,904 - Velocity was not initialized! Calling init()...
2011-07-28 02:46:05,904 - Velocity was not initialized! Calling init()...
2011-07-28 02:46:05,904 - Velocity was not initialized! Calling init()...
2011-07-28 02:46:05,904 - Velocity was not initialized! Calling init()...
2011-07-28 02:46:05,904 - Velocity was not initialized! Calling init()...
2011-07-28 02:46:05,904 - Velocity was not initialized! Calling init()...
2011-07-28 02:46:05,904 - Velocity was not initialized! Calling init()...
2011-07-28 02:46:05,904 - Velocity was not initialized! Calling init()...
2011-07-28 02:46:05,905 - Velocity was not initialized! Calling init()...
2011-07-28 02:46:05,905 - Velocity was not initialized! Calling init()...
2011-07-28 02:46:05,905 - Velocity was not initialized! Calling init()...
2011-07-28 02:46:05,905 - Velocity was not initialized! Calling init()...
2011-07-28 02:46:05,905 - Velocity was not initialized! Calling init()...
2011-07-28 02:46:05,905 - Created '20' parsers.
2011-07-28 02:46:05,910 - Velocimacro : "velocimacro.library" is not set.  Trying default library: VM_global_library.vm
2011-07-28 02:46:05,910 - Velocity was not initialized! Calling init()...
2011-07-28 02:46:05,910 - Velocimacro : Default library not found.
2011-07-28 02:46:05,911 - Velocimacro : allowInline = true : VMs can be defined inline in templates
2011-07-28 02:46:05,911 - Velocimacro : allowInlineToOverride = false : VMs defined inline may NOT replace previous VM definitions
2011-07-28 02:46:05,911 - Velocimacro : allowInlineLocal = false : VMs defined inline will be global in scope if allowed.
2011-07-28 02:46:05,911 - Velocimacro : autoload off : VM system will not automatically reload global library macros
2011-07-28 02:46:05,922 - ResourceManager : found fr.opensagres.xdocreport.document.docx.DocXReport@7b751a9e!word/document.xml with loader fr.opensagres.xdocreport.template.velocity.cache.XDocReportEntryResourceLoader
2011-07-28 02:46:05,941 - ResourceManager : found fr.opensagres.xdocreport.document.docx.DocXReport@7b751a9e!word/styles.xml with loader fr.opensagres.xdocreport.template.velocity.cache.XDocReportEntryResourceLoader
2011-07-28 02:46:26,745 - Log4JLogChute initialized using file 'velocity.log'
2011-07-28 02:46:26,745 - Starting Apache Velocity v1.6.4 (compiled: 2010-04-27 15:31:23)
2011-07-28 02:46:26,745 - Default Properties File: org\apache\velocity\runtime\defaults\velocity.properties
2011-07-28 02:46:26,745 - Trying to use logger class org.apache.velocity.runtime.log.AvalonLogChute
2011-07-28 02:46:26,745 - Target log system for org.apache.velocity.runtime.log.AvalonLogChute is not available (java.lang.NoClassDefFoundError: org/apache/log/format/Formatter).  Falling back to next log system...
2011-07-28 02:46:26,745 - Trying to use logger class org.apache.velocity.runtime.log.Log4JLogChute
2011-07-28 02:46:26,745 - Using logger class org.apache.velocity.runtime.log.Log4JLogChute
2011-07-28 02:46:26,747 - ResourceManager : No configuration information found for resource loader named 'class' (id is class.resource.loader). Skipping it...
2011-07-28 02:46:26,747 - ResourceManager : No configuration information found for resource loader named 'jar' (id is jar.resource.loader). Skipping it...
2011-07-28 02:46:26,749 - ResourceLoader instantiated: org.apache.velocity.runtime.resource.loader.FileResourceLoader
2011-07-28 02:46:26,750 - Do unicode file recognition:  false
2011-07-28 02:46:26,750 - FileResourceLoader : adding path '.'
2011-07-28 02:46:26,750 - ResourceLoader instantiated: fr.opensagres.xdocreport.template.velocity.cache.XDocReportEntryResourceLoader
2011-07-28 02:46:26,761 - ResourceCache: initialized (class org.apache.velocity.runtime.resource.ResourceCacheImpl) with class java.util.Collections$SynchronizedMap cache map.
2011-07-28 02:46:26,762 - Loaded System Directive: org.apache.velocity.runtime.directive.Define
2011-07-28 02:46:26,763 - Loaded System Directive: org.apache.velocity.runtime.directive.Break
2011-07-28 02:46:26,763 - Loaded System Directive: org.apache.velocity.runtime.directive.Evaluate
2011-07-28 02:46:26,764 - Loaded System Directive: org.apache.velocity.runtime.directive.Literal
2011-07-28 02:46:26,765 - Loaded System Directive: org.apache.velocity.runtime.directive.Macro
2011-07-28 02:46:26,766 - Loaded System Directive: org.apache.velocity.runtime.directive.Parse
2011-07-28 02:46:26,767 - Loaded System Directive: org.apache.velocity.runtime.directive.Include
2011-07-28 02:46:26,768 - Loaded System Directive: org.apache.velocity.runtime.directive.Foreach
2011-07-28 02:46:26,782 - Velocity was not initialized! Calling init()...
2011-07-28 02:46:26,799 - Velocity was not initialized! Calling init()...
2011-07-28 02:46:26,799 - Velocity was not initialized! Calling init()...
2011-07-28 02:46:26,800 - Velocity was not initialized! Calling init()...
2011-07-28 02:46:26,800 - Velocity was not initialized! Calling init()...
2011-07-28 02:46:26,800 - Velocity was not initialized! Calling init()...
2011-07-28 02:46:26,800 - Velocity was not initialized! Calling init()...
2011-07-28 02:46:26,800 - Velocity was not initialized! Calling init()...
2011-07-28 02:46:26,800 - Velocity was not initialized! Calling init()...
2011-07-28 02:46:26,800 - Velocity was not initialized! Calling init()...
2011-07-28 02:46:26,800 - Velocity was not initialized! Calling init()...
2011-07-28 02:46:26,800 - Velocity was not initialized! Calling init()...
2011-07-28 02:46:26,800 - Velocity was not initialized! Calling init()...
2011-07-28 02:46:26,801 - Velocity was not initialized! Calling init()...
2011-07-28 02:46:26,801 - Velocity was not initialized! Calling init()...
2011-07-28 02:46:26,801 - Velocity was not initialized! Calling init()...
2011-07-28 02:46:26,801 - Velocity was not initialized! Calling init()...
2011-07-28 02:46:26,801 - Velocity was not initialized! Calling init()...
2011-07-28 02:46:26,801 - Velocity was not initialized! Calling init()...
2011-07-28 02:46:26,801 - Velocity was not initialized! Calling init()...
2011-07-28 02:46:26,801 - Created '20' parsers.
2011-07-28 02:46:26,807 - Velocimacro : "velocimacro.library" is not set.  Trying default library: VM_global_library.vm
2011-07-28 02:46:26,807 - Velocity was not initialized! Calling init()...
2011-07-28 02:46:26,807 - Velocimacro : Default library not found.
2011-07-28 02:46:26,807 - Velocimacro : allowInline = true : VMs can be defined inline in templates
2011-07-28 02:46:26,807 - Velocimacro : allowInlineToOverride = false : VMs defined inline may NOT replace previous VM definitions
2011-07-28 02:46:26,807 - Velocimacro : allowInlineLocal = false : VMs defined inline will be global in scope if allowed.
2011-07-28 02:46:26,807 - Velocimacro : autoload off : VM system will not automatically reload global library macros
2011-07-28 02:46:26,818 - ResourceManager : found fr.opensagres.xdocreport.document.docx.DocXReport@71971eb3!word/document.xml with loader fr.opensagres.xdocreport.template.velocity.cache.XDocReportEntryResourceLoader
2011-07-28 02:46:26,838 - ResourceManager : found fr.opensagres.xdocreport.document.docx.DocXReport@71971eb3!word/styles.xml with loader fr.opensagres.xdocreport.template.velocity.cache.XDocReportEntryResourceLoader
2011-07-28 02:46:41,157 - Log4JLogChute initialized using file 'velocity.log'
2011-07-28 02:46:41,158 - Starting Apache Velocity v1.6.4 (compiled: 2010-04-27 15:31:23)
2011-07-28 02:46:41,158 - Default Properties File: org\apache\velocity\runtime\defaults\velocity.properties
2011-07-28 02:46:41,158 - Trying to use logger class org.apache.velocity.runtime.log.AvalonLogChute
2011-07-28 02:46:41,158 - Target log system for org.apache.velocity.runtime.log.AvalonLogChute is not available (java.lang.NoClassDefFoundError: org/apache/log/format/Formatter).  Falling back to next log system...
2011-07-28 02:46:41,158 - Trying to use logger class org.apache.velocity.runtime.log.Log4JLogChute
2011-07-28 02:46:41,158 - Using logger class org.apache.velocity.runtime.log.Log4JLogChute
2011-07-28 02:46:41,160 - ResourceManager : No configuration information found for resource loader named 'class' (id is class.resource.loader). Skipping it...
2011-07-28 02:46:41,160 - ResourceManager : No configuration information found for resource loader named 'jar' (id is jar.resource.loader). Skipping it...
2011-07-28 02:46:41,162 - ResourceLoader instantiated: org.apache.velocity.runtime.resource.loader.FileResourceLoader
2011-07-28 02:46:41,163 - Do unicode file recognition:  false
2011-07-28 02:46:41,163 - FileResourceLoader : adding path '.'
2011-07-28 02:46:41,163 - ResourceLoader instantiated: fr.opensagres.xdocreport.template.velocity.cache.XDocReportEntryResourceLoader
2011-07-28 02:46:41,173 - ResourceCache: initialized (class org.apache.velocity.runtime.resource.ResourceCacheImpl) with class java.util.Collections$SynchronizedMap cache map.
2011-07-28 02:46:41,174 - Loaded System Directive: org.apache.velocity.runtime.directive.Define
2011-07-28 02:46:41,175 - Loaded System Directive: org.apache.velocity.runtime.directive.Break
2011-07-28 02:46:41,176 - Loaded System Directive: org.apache.velocity.runtime.directive.Evaluate
2011-07-28 02:46:41,176 - Loaded System Directive: org.apache.velocity.runtime.directive.Literal
2011-07-28 02:46:41,177 - Loaded System Directive: org.apache.velocity.runtime.directive.Macro
2011-07-28 02:46:41,178 - Loaded System Directive: org.apache.velocity.runtime.directive.Parse
2011-07-28 02:46:41,179 - Loaded System Directive: org.apache.velocity.runtime.directive.Include
2011-07-28 02:46:41,180 - Loaded System Directive: org.apache.velocity.runtime.directive.Foreach
2011-07-28 02:46:41,193 - Velocity was not initialized! Calling init()...
2011-07-28 02:46:41,211 - Velocity was not initialized! Calling init()...
2011-07-28 02:46:41,211 - Velocity was not initialized! Calling init()...
2011-07-28 02:46:41,211 - Velocity was not initialized! Calling init()...
2011-07-28 02:46:41,211 - Velocity was not initialized! Calling init()...
2011-07-28 02:46:41,212 - Velocity was not initialized! Calling init()...
2011-07-28 02:46:41,212 - Velocity was not initialized! Calling init()...
2011-07-28 02:46:41,212 - Velocity was not initialized! Calling init()...
2011-07-28 02:46:41,212 - Velocity was not initialized! Calling init()...
2011-07-28 02:46:41,212 - Velocity was not initialized! Calling init()...
2011-07-28 02:46:41,212 - Velocity was not initialized! Calling init()...
2011-07-28 02:46:41,212 - Velocity was not initialized! Calling init()...
2011-07-28 02:46:41,212 - Velocity was not initialized! Calling init()...
2011-07-28 02:46:41,212 - Velocity was not initialized! Calling init()...
2011-07-28 02:46:41,212 - Velocity was not initialized! Calling init()...
2011-07-28 02:46:41,213 - Velocity was not initialized! Calling init()...
2011-07-28 02:46:41,213 - Velocity was not initialized! Calling init()...
2011-07-28 02:46:41,213 - Velocity was not initialized! Calling init()...
2011-07-28 02:46:41,213 - Velocity was not initialized! Calling init()...
2011-07-28 02:46:41,213 - Velocity was not initialized! Calling init()...
2011-07-28 02:46:41,213 - Created '20' parsers.
2011-07-28 02:46:41,218 - Velocimacro : "velocimacro.library" is not set.  Trying default library: VM_global_library.vm
2011-07-28 02:46:41,218 - Velocity was not initialized! Calling init()...
2011-07-28 02:46:41,219 - Velocimacro : Default library not found.
2011-07-28 02:46:41,219 - Velocimacro : allowInline = true : VMs can be defined inline in templates
2011-07-28 02:46:41,219 - Velocimacro : allowInlineToOverride = false : VMs defined inline may NOT replace previous VM definitions
2011-07-28 02:46:41,219 - Velocimacro : allowInlineLocal = false : VMs defined inline will be global in scope if allowed.
2011-07-28 02:46:41,219 - Velocimacro : autoload off : VM system will not automatically reload global library macros
2011-07-28 02:46:41,230 - ResourceManager : found fr.opensagres.xdocreport.document.docx.DocXReport@71971eb3!word/document.xml with loader fr.opensagres.xdocreport.template.velocity.cache.XDocReportEntryResourceLoader
2011-07-28 02:46:41,253 - ResourceManager : found fr.opensagres.xdocreport.document.docx.DocXReport@71971eb3!word/styles.xml with loader fr.opensagres.xdocreport.template.velocity.cache.XDocReportEntryResourceLoader
2011-07-28 02:46:57,382 - Log4JLogChute initialized using file 'velocity.log'
2011-07-28 02:46:57,383 - Starting Apache Velocity v1.6.4 (compiled: 2010-04-27 15:31:23)
2011-07-28 02:46:57,383 - Default Properties File: org\apache\velocity\runtime\defaults\velocity.properties
2011-07-28 02:46:57,383 - Trying to use logger class org.apache.velocity.runtime.log.AvalonLogChute
2011-07-28 02:46:57,383 - Target log system for org.apache.velocity.runtime.log.AvalonLogChute is not available (java.lang.NoClassDefFoundError: org/apache/log/format/Formatter).  Falling back to next log system...
2011-07-28 02:46:57,383 - Trying to use logger class org.apache.velocity.runtime.log.Log4JLogChute
2011-07-28 02:46:57,383 - Using logger class org.apache.velocity.runtime.log.Log4JLogChute
2011-07-28 02:46:57,385 - ResourceManager : No configuration information found for resource loader named 'class' (id is class.resource.loader). Skipping it...
2011-07-28 02:46:57,385 - ResourceManager : No configuration information found for resource loader named 'jar' (id is jar.resource.loader). Skipping it...
2011-07-28 02:46:57,387 - ResourceLoader instantiated: org.apache.velocity.runtime.resource.loader.FileResourceLoader
2011-07-28 02:46:57,388 - Do unicode file recognition:  false
2011-07-28 02:46:57,388 - FileResourceLoader : adding path '.'
2011-07-28 02:46:57,388 - ResourceLoader instantiated: fr.opensagres.xdocreport.template.velocity.cache.XDocReportEntryResourceLoader
2011-07-28 02:46:57,398 - ResourceCache: initialized (class org.apache.velocity.runtime.resource.ResourceCacheImpl) with class java.util.Collections$SynchronizedMap cache map.
2011-07-28 02:46:57,399 - Loaded System Directive: org.apache.velocity.runtime.directive.Define
2011-07-28 02:46:57,400 - Loaded System Directive: org.apache.velocity.runtime.directive.Break
2011-07-28 02:46:57,400 - Loaded System Directive: org.apache.velocity.runtime.directive.Evaluate
2011-07-28 02:46:57,401 - Loaded System Directive: org.apache.velocity.runtime.directive.Literal
2011-07-28 02:46:57,402 - Loaded System Directive: org.apache.velocity.runtime.directive.Macro
2011-07-28 02:46:57,403 - Loaded System Directive: org.apache.velocity.runtime.directive.Parse
2011-07-28 02:46:57,404 - Loaded System Directive: org.apache.velocity.runtime.directive.Include
2011-07-28 02:46:57,404 - Loaded System Directive: org.apache.velocity.runtime.directive.Foreach
2011-07-28 02:46:57,418 - Velocity was not initialized! Calling init()...
2011-07-28 02:46:57,435 - Velocity was not initialized! Calling init()...
2011-07-28 02:46:57,435 - Velocity was not initialized! Calling init()...
2011-07-28 02:46:57,436 - Velocity was not initialized! Calling init()...
2011-07-28 02:46:57,436 - Velocity was not initialized! Calling init()...
2011-07-28 02:46:57,436 - Velocity was not initialized! Calling init()...
2011-07-28 02:46:57,436 - Velocity was not initialized! Calling init()...
2011-07-28 02:46:57,436 - Velocity was not initialized! Calling init()...
2011-07-28 02:46:57,436 - Velocity was not initialized! Calling init()...
2011-07-28 02:46:57,436 - Velocity was not initialized! Calling init()...
2011-07-28 02:46:57,436 - Velocity was not initialized! Calling init()...
2011-07-28 02:46:57,436 - Velocity was not initialized! Calling init()...
2011-07-28 02:46:57,437 - Velocity was not initialized! Calling init()...
2011-07-28 02:46:57,437 - Velocity was not initialized! Calling init()...
2011-07-28 02:46:57,437 - Velocity was not initialized! Calling init()...
2011-07-28 02:46:57,437 - Velocity was not initialized! Calling init()...
2011-07-28 02:46:57,437 - Velocity was not initialized! Calling init()...
2011-07-28 02:46:57,437 - Velocity was not initialized! Calling init()...
2011-07-28 02:46:57,437 - Velocity was not initialized! Calling init()...
2011-07-28 02:46:57,437 - Velocity was not initialized! Calling init()...
2011-07-28 02:46:57,437 - Created '20' parsers.
2011-07-28 02:46:57,444 - Velocimacro : "velocimacro.library" is not set.  Trying default library: VM_global_library.vm
2011-07-28 02:46:57,444 - Velocity was not initialized! Calling init()...
2011-07-28 02:46:57,444 - Velocimacro : Default library not found.
2011-07-28 02:46:57,444 - Velocimacro : allowInline = true : VMs can be defined inline in templates
2011-07-28 02:46:57,444 - Velocimacro : allowInlineToOverride = false : VMs defined inline may NOT replace previous VM definitions
2011-07-28 02:46:57,444 - Velocimacro : allowInlineLocal = false : VMs defined inline will be global in scope if allowed.
2011-07-28 02:46:57,444 - Velocimacro : autoload off : VM system will not automatically reload global library macros
2011-07-28 02:46:57,462 - ResourceManager : found fr.opensagres.xdocreport.document.docx.DocXReport@b083717!word/document.xml with loader fr.opensagres.xdocreport.template.velocity.cache.XDocReportEntryResourceLoader
2011-07-28 02:46:57,483 - ResourceManager : found fr.opensagres.xdocreport.document.docx.DocXReport@b083717!word/styles.xml with loader fr.opensagres.xdocreport.template.velocity.cache.XDocReportEntryResourceLoader
2011-07-28 02:49:30,982 - Log4JLogChute initialized using file 'velocity.log'
2011-07-28 02:49:30,983 - Starting Apache Velocity v1.6.4 (compiled: 2010-04-27 15:31:23)
2011-07-28 02:49:30,983 - Default Properties File: org\apache\velocity\runtime\defaults\velocity.properties
2011-07-28 02:49:30,983 - Trying to use logger class org.apache.velocity.runtime.log.AvalonLogChute
2011-07-28 02:49:30,983 - Target log system for org.apache.velocity.runtime.log.AvalonLogChute is not available (java.lang.NoClassDefFoundError: org/apache/log/format/Formatter).  Falling back to next log system...
2011-07-28 02:49:30,983 - Trying to use logger class org.apache.velocity.runtime.log.Log4JLogChute
2011-07-28 02:49:30,983 - Using logger class org.apache.velocity.runtime.log.Log4JLogChute
2011-07-28 02:49:30,985 - ResourceManager : No configuration information found for resource loader named 'class' (id is class.resource.loader). Skipping it...
2011-07-28 02:49:30,985 - ResourceManager : No configuration information found for resource loader named 'jar' (id is jar.resource.loader). Skipping it...
2011-07-28 02:49:30,987 - ResourceLoader instantiated: org.apache.velocity.runtime.resource.loader.FileResourceLoader
2011-07-28 02:49:30,988 - Do unicode file recognition:  false
2011-07-28 02:49:30,988 - FileResourceLoader : adding path '.'
2011-07-28 02:49:30,988 - ResourceLoader instantiated: fr.opensagres.xdocreport.template.velocity.cache.XDocReportEntryResourceLoader
2011-07-28 02:49:31,004 - ResourceCache: initialized (class org.apache.velocity.runtime.resource.ResourceCacheImpl) with class java.util.Collections$SynchronizedMap cache map.
2011-07-28 02:49:31,005 - Loaded System Directive: org.apache.velocity.runtime.directive.Define
2011-07-28 02:49:31,006 - Loaded System Directive: org.apache.velocity.runtime.directive.Break
2011-07-28 02:49:31,007 - Loaded System Directive: org.apache.velocity.runtime.directive.Evaluate
2011-07-28 02:49:31,007 - Loaded System Directive: org.apache.velocity.runtime.directive.Literal
2011-07-28 02:49:31,008 - Loaded System Directive: org.apache.velocity.runtime.directive.Macro
2011-07-28 02:49:31,010 - Loaded System Directive: org.apache.velocity.runtime.directive.Parse
2011-07-28 02:49:31,011 - Loaded System Directive: org.apache.velocity.runtime.directive.Include
2011-07-28 02:49:31,012 - Loaded System Directive: org.apache.velocity.runtime.directive.Foreach
2011-07-28 02:49:31,026 - Velocity was not initialized! Calling init()...
2011-07-28 02:49:31,044 - Velocity was not initialized! Calling init()...
2011-07-28 02:49:31,044 - Velocity was not initialized! Calling init()...
2011-07-28 02:49:31,044 - Velocity was not initialized! Calling init()...
2011-07-28 02:49:31,044 - Velocity was not initialized! Calling init()...
2011-07-28 02:49:31,044 - Velocity was not initialized! Calling init()...
2011-07-28 02:49:31,044 - Velocity was not initialized! Calling init()...
2011-07-28 02:49:31,044 - Velocity was not initialized! Calling init()...
2011-07-28 02:49:31,045 - Velocity was not initialized! Calling init()...
2011-07-28 02:49:31,045 - Velocity was not initialized! Calling init()...
2011-07-28 02:49:31,045 - Velocity was not initialized! Calling init()...
2011-07-28 02:49:31,045 - Velocity was not initialized! Calling init()...
2011-07-28 02:49:31,045 - Velocity was not initialized! Calling init()...
2011-07-28 02:49:31,045 - Velocity was not initialized! Calling init()...
2011-07-28 02:49:31,045 - Velocity was not initialized! Calling init()...
2011-07-28 02:49:31,045 - Velocity was not initialized! Calling init()...
2011-07-28 02:49:31,045 - Velocity was not initialized! Calling init()...
2011-07-28 02:49:31,046 - Velocity was not initialized! Calling init()...
2011-07-28 02:49:31,046 - Velocity was not initialized! Calling init()...
2011-07-28 02:49:31,046 - Velocity was not initialized! Calling init()...
2011-07-28 02:49:31,046 - Created '20' parsers.
2011-07-28 02:49:31,051 - Velocimacro : "velocimacro.library" is not set.  Trying default library: VM_global_library.vm
2011-07-28 02:49:31,051 - Velocity was not initialized! Calling init()...
2011-07-28 02:49:31,052 - Velocimacro : Default library not found.
2011-07-28 02:49:31,052 - Velocimacro : allowInline = true : VMs can be defined inline in templates
2011-07-28 02:49:31,052 - Velocimacro : allowInlineToOverride = false : VMs defined inline may NOT replace previous VM definitions
2011-07-28 02:49:31,052 - Velocimacro : allowInlineLocal = false : VMs defined inline will be global in scope if allowed.
2011-07-28 02:49:31,052 - Velocimacro : autoload off : VM system will not automatically reload global library macros
2011-07-28 02:49:31,063 - ResourceManager : found fr.opensagres.xdocreport.document.docx.DocXReport@7bd349e2!word/document.xml with loader fr.opensagres.xdocreport.template.velocity.cache.XDocReportEntryResourceLoader
2011-07-28 02:49:31,082 - ResourceManager : found fr.opensagres.xdocreport.document.docx.DocXReport@7bd349e2!word/styles.xml with loader fr.opensagres.xdocreport.template.velocity.cache.XDocReportEntryResourceLoader
